make all --print-data-base --no-builtin-variables --no-builtin-rules --question
# GNU Make 3.81
# Copyright (C) 2006  Free Software Foundation, Inc.
# This is free software; see the source for copying conditions.
# There is NO warranty; not even for MERCHANTABILITY or FITNESS FOR A
# PARTICULAR PURPOSE.

# This program built for i386-apple-darwin11.3.0
 

# Make data base, printed on Wed May 18 10:32:18 2022

# Variables

# automatic
<D = $(patsubst %/,%,$(dir $<))
# automatic
?F = $(notdir $?)
# makefile (from `Makefile', line 1)
OBJ = Attribute.o CommonSkillCollection.o PhysicalAttributeCollection.o Player.o Striker.o Midfielder.o Defender.o Goalkeeper.o PlayerPool.o Team.o FootballLeague.o TeamPlayerBattle.o MatchResult.o Match.o FixturePrinter.o TournamentRound.o Tournament.o TeamCreator.o
# environment
VSCODE_LOG_NATIVE = false
# automatic
?D = $(patsubst %/,%,$(dir $?))
# automatic
@D = $(patsubst %/,%,$(dir $@))
# automatic
@F = $(notdir $@)
# makefile
CURDIR := /Users/kr/Desktop/oop-group-project
# makefile
SHELL = /bin/sh
# environment
VSCODE_NLS_CONFIG = {"locale":"en-gb","availableLanguages":{},"_languagePackSupport":true}
# environment
_ = /usr/bin/make
# makefile (from `Makefile', line 1)
MAKEFILE_LIST :=  Makefile
# environment
VSCODE_VERBOSE_LOGGING = true
# environment
__CFBundleIdentifier = com.microsoft.VSCode
# environment
INFOPATH = /opt/homebrew/share/info:
# environment
VSCODE_IPC_HOOK_EXTHOST = /var/folders/vp/vw7h0ffx4750yffz39qjmkkr0000gn/T/vscode-ipc-7a7cf324-3dd4-4a44-a99b-502430ed332a.sock
# environment
VSCODE_CWD = /
# environment
PATH = /opt/homebrew/bin:/opt/homebrew/sbin:/usr/local/bin:/usr/bin:/bin:/usr/sbin:/sbin:/Library/Apple/usr/bin
# environment
VSCODE_LOG_STACK = false
# environment
ELECTRON_RUN_AS_NODE = 1
# default
.FEATURES := target-specific order-only second-expansion else-if archives jobserver check-symlink
# environment
SSH_AUTH_SOCK = /private/tmp/com.apple.launchd.j13rmp7pEG/Listeners
# automatic
%F = $(notdir $%)
# environment
VSCODE_PIPE_LOGGING = true
# environment
PWD = /Users/kr/Desktop/oop-group-project
# environment
HOMEBREW_CELLAR = /opt/homebrew/Cellar
# environment
ORIGINAL_XDG_CURRENT_DESKTOP = undefined
# environment
MANPATH = /opt/homebrew/share/man::
# environment
VSCODE_AMD_ENTRYPOINT = vs/workbench/api/node/extensionHostProcess
# environment
HOME = /Users/kr
# default
MAKEFILEPATH := /Applications/Xcode.app/Contents/Developer/Makefiles
# environment
VSCODE_CODE_CACHE_PATH = /Users/kr/Library/Application Support/Code/CachedData/da15b6fd3ef856477bf6f4fb29ba1b7af717770d
# environment
LOGNAME = kr
# environment
APPLICATION_INSIGHTS_NO_DIAGNOSTIC_CHANNEL = true
# environment
VSCODE_HANDLES_UNCAUGHT_ERRORS = true
# automatic
^D = $(patsubst %/,%,$(dir $^))
# environment
XPC_FLAGS = 0x0
# default
MAKE = $(MAKE_COMMAND)
# default
MAKECMDGOALS := all
# environment
SHLVL = 1
# default
MAKE_VERSION := 3.81
# environment
USER = kr
# makefile
.DEFAULT_GOAL := all
# automatic
%D = $(patsubst %/,%,$(dir $%))
# default
MAKE_COMMAND := /Applications/Xcode.app/Contents/Developer/usr/bin/make
# default
.VARIABLES := 
# environment
TMPDIR = /var/folders/vp/vw7h0ffx4750yffz39qjmkkr0000gn/T/
# automatic
*F = $(notdir $*)
# environment
VSCODE_IPC_HOOK = /Users/kr/Library/Application Support/Code/1.67.1-main.sock
# makefile
MAKEFLAGS = Rrqp
# environment
MFLAGS = -Rrqp
# automatic
*D = $(patsubst %/,%,$(dir $*))
 
# environment
XPC_SERVICE_NAME = application.com.microsoft.VSCode.3624003.3624009
# environment
HOMEBREW_PREFIX = /opt/homebrew
# automatic
+D = $(patsubst %/,%,$(dir $+))
# automatic
+F = $(notdir $+)
# environment
HOMEBREW_REPOSITORY = /opt/homebrew
# environment
__CF_USER_TEXT_ENCODING = 0x1F5:0x0:0x0
# environment
COMMAND_MODE = unix2003
# default
MAKEFILES := 
# automatic
<F = $(notdir $<)
# environment
LC_ALL = C
# automatic
^F = $(notdir $^)
# default
SUFFIXES := 
# environment
MAKELEVEL := 0
# environment
LANG = C
# environment
VSCODE_PID = 36149
# variable set hash-table stats:
# Load=67/1024=7%, Rehash=0, Collisions=4/94=4%

# Pattern-specific Variable Values

# No pattern-specific variable values.

# Directories

# . (device 16777232, inode 3979170): 88 files, no impossibilities.

# 88 files, no impossibilities in 1 directories.

# Implicit Rules

# No implicit rules.

# Files

PlayerPoolTest: Attribute.o CommonSkillCollection.o PhysicalAttributeCollection.o Player.o Striker.o Midfielder.o Defender.o Goalkeeper.o PlayerPool.o
#  Implicit rule search has not been done.
#  Modification time never checked.
#  File has not been updated.
#  commands to execute (from `Makefile', line 57):
	g++ Attribute.o CommonSkillCollection.o PhysicalAttributeCollection.o Player.o Striker.o Midfielder.o Defender.o Goalkeeper.o PlayerPool.o PlayerPoolTest.cpp -o PlayerPoolTest.out
	

TournamentRound.o: TournamentRound.h TournamentRound.cpp
#  Implicit rule search has not been done.
#  Modification time never checked.
#  File has not been updated.
#  commands to execute (from `Makefile', line 96):
	g++ -c TournamentRound.cpp -o TournamentRound.o
	

CommonSkillCollection.o: CommonSkillCollection.h CommonSkillCollection.cpp
#  Implicit rule search has not been done.
#  Last modified 2022-05-17 15:14:34
#  File has been updated.
#  Successfully updated.
# variable set hash-table stats:
# Load=0/32=0%, Rehash=0, Collisions=0/0=0%
#  commands to execute (from `Makefile', line 15):
	g++ -c CommonSkillCollection.cpp -o CommonSkillCollection.o
	

FixturePrinterTest: Attribute.o CommonSkillCollection.o PhysicalAttributeCollection.o Player.o Striker.o Midfielder.o Defender.o Goalkeeper.o PlayerPool.o Team.o FootballLeague.o FixturePrinter.o
#  Implicit rule search has not been done.
#  Modification time never checked.
#  File has not been updated.
#  commands to execute (from `Makefile', line 93):
	g++ Attribute.o CommonSkillCollection.o PhysicalAttributeCollection.o Player.o Striker.o Midfielder.o Defender.o Goalkeeper.o PlayerPool.o Team.o FootballLeague.o FixturePrinter.o FixturePrinterTest.cpp -o FixturePrinterTest.out
	

FixturePrinter.o: FixturePrinter.h FixturePrinter.cpp
#  Implicit rule search has not been done.
#  Modification time never checked.
#  File has not been updated.
#  commands to execute (from `Makefile', line 90):
	g++ -c FixturePrinter.cpp -o FixturePrinter.o
	

# Not a target:
MatchResult.cpp:
#  Implicit rule search has not been done.
#  Modification time never checked.
#  File has not been updated.

# Not a target:
PhysicalAttributeCollection.cpp:
#  Implicit rule search has not been done.
#  Modification time never checked.
#  File has not been updated.

FootballLeague.o: FootballLeague.h FootballLeague.cpp
#  Implicit rule search has not been done.
#  Modification time never checked.
#  File has not been updated.
#  commands to execute (from `Makefile', line 66):
	g++ -c FootballLeague.cpp -o FootballLeague.o
	

# Not a target:
FixturePrinter.cpp:
#  Implicit rule search has not been done.
#  Modification time never checked.
#  File has not been updated.

# Not a target:
Striker.h:
#  Implicit rule search has not been done.
#  Modification time never checked.
#  File has not been updated.

all: SimGame
#  Command-line target.
#  Implicit rule search has been done.
#  File does not exist.
#  File has been updated.
#  Needs to be updated (-q is set).
# variable set hash-table stats:
# Load=0/32=0%, Rehash=0, Collisions=0/2=0%

PlayerPool.o: PlayerPool.h PlayerPool.cpp
#  Implicit rule search has not been done.
#  Modification time never checked.
#  File has not been updated.
#  commands to execute (from `Makefile', line 54):
	g++ -c PlayerPool.cpp -o PlayerPool.o
	

AttributeTest: Attribute.o
#  Implicit rule search has not been done.
#  Modification time never checked.
#  File has not been updated.
#  commands to execute (from `Makefile', line 12):
	g++ Attribute.o AttributeTest.cpp -o AttributeTest.out
	

# Not a target:
Striker.cpp:
#  Implicit rule search has not been done.
#  Modification time never checked.
#  File has not been updated.

TeamPlayerBattle.o: TeamPlayerBattle.h TeamPlayerBattle.cpp
#  Implicit rule search has not been done.
#  Modification time never checked.
#  File has not been updated.
#  commands to execute (from `Makefile', line 72):
	g++ -c TeamPlayerBattle.cpp -o TeamPlayerBattle.o
	

StrikerTest: Attribute.o CommonSkillCollection.o PhysicalAttributeCollection.o Player.o Striker.o
#  Implicit rule search has not been done.
#  Modification time never checked.
#  File has not been updated.
#  commands to execute (from `Makefile', line 51):
	g++ Attribute.o CommonSkillCollection.o PhysicalAttributeCollection.o Player.o Striker.o StrikerTest.cpp -o StrikerTest.out
	

# Not a target:
TeamCreator.h:
#  Implicit rule search has not been done.
#  Modification time never checked.
#  File has not been updated.

# Not a target:
.SUFFIXES:
#  Implicit rule search has not been done.
#  Modification time never checked.
#  File has not been updated.

MatchTest: Attribute.o CommonSkillCollection.o PhysicalAttributeCollection.o Player.o Striker.o Midfielder.o Defender.o Goalkeeper.o PlayerPool.o Team.o FootballLeague.o TeamPlayerBattle.o MatchResult.o Match.o
#  Implicit rule search has not been done.
#  Modification time never checked.
#  File has not been updated.
#  commands to execute (from `Makefile', line 87):
	g++ Attribute.o CommonSkillCollection.o PhysicalAttributeCollection.o Player.o Striker.o Midfielder.o Defender.o Goalkeeper.o PlayerPool.o Team.o FootballLeague.o TeamPlayerBattle.o MatchResult.o Match.o MatchTest.cpp -o MatchTest.out
	

# Not a target:
Makefile:
#  Implicit rule search has been done.
#  Last modified 2022-05-18 10:30:01
#  File has been updated.
#  Successfully updated.
# variable set hash-table stats:
# Load=0/32=0%, Rehash=0, Collisions=0/0=0%

# Not a target:
Goalkeeper.h:
#  Implicit rule search has not been done.
#  Modification time never checked.
#  File has not been updated.

Attribute.o: Attribute.h Attribute.cpp
#  Implicit rule search has not been done.
#  Last modified 2022-05-17 15:14:34
#  File has been updated.
#  Successfully updated.
# variable set hash-table stats:
# Load=0/32=0%, Rehash=0, Collisions=0/0=0%
#  commands to execute (from `Makefile', line 9):
	g++ -c Attribute.cpp -o Attribute.o
	

# Not a target:
TeamCreator.cpp:
#  Implicit rule search has not been done.
#  Modification time never checked.
#  File has not been updated.

Tournament.o: Tournament.h Tournament.cpp
#  Implicit rule search has not been done.
#  Modification time never checked.
#  File has not been updated.
#  commands to execute (from `Makefile', line 102):
	g++ -c Tournament.cpp -o Tournament.o
	

# Not a target:
Goalkeeper.cpp:
#  Implicit rule search has not been done.
#  Modification time never checked.
#  File has not been updated.

TournamentTest: Attribute.o CommonSkillCollection.o PhysicalAttributeCollection.o Player.o Striker.o Midfielder.o Defender.o Goalkeeper.o PlayerPool.o Team.o FootballLeague.o TeamPlayerBattle.o MatchResult.o Match.o FixturePrinter.o TournamentRound.o Tournament.o TeamCreator.o
#  Implicit rule search has not been done.
#  Modification time never checked.
#  File has not been updated.
#  commands to execute (from `Makefile', line 111):
	g++ $(OBJ) TournamentTest.cpp -o TournamentTest.out
	

PhysicalAttributeCollectionTest: Attribute.o PhysicalAttributeCollection.o
#  Implicit rule search has not been done.
#  Modification time never checked.
#  File has not been updated.
#  commands to execute (from `Makefile', line 24):
 
	g++ Attribute.o PhysicalAttributeCollection.o PhysicalAttributeCollectionTest.cpp -o PhysicalAttributeCollectionTest.out
	

# Not a target:
Team.h:
#  Implicit rule search has not been done.
#  Modification time never checked.
#  File has not been updated.

Match.o: Match.h Match.cpp
#  Implicit rule search has not been done.
#  Modification time never checked.
#  File has not been updated.
#  commands to execute (from `Makefile', line 84):
	g++ -c Match.cpp -o Match.o
	

# Not a target:
Defender.h:
#  Implicit rule search has not been done.
#  Modification time never checked.
#  File has not been updated.

MatchResult.o: MatchResult.h MatchResult.cpp
#  Implicit rule search has not been done.
#  Modification time never checked.
#  File has not been updated.
#  commands to execute (from `Makefile', line 78):
	g++ -c MatchResult.cpp -o MatchResult.o
	

# Not a target:
Midfielder.h:
#  Implicit rule search has not been done.
#  Modification time never checked.
#  File has not been updated.

PhysicalAttributeCollection.o: PhysicalAttributeCollection.h PhysicalAttributeCollection.cpp
#  Implicit rule search has not been done.
#  Modification time never checked.
#  File has not been updated.
#  commands to execute (from `Makefile', line 21):
	g++ -c PhysicalAttributeCollection.cpp -o PhysicalAttributeCollection.o
	

# Not a target:
Player.h:
#  Implicit rule search has not been done.
#  Modification time never checked.
#  File has not been updated.

# Not a target:
Team.cpp:
#  Implicit rule search has not been done.
#  Modification time never checked.
#  File has not been updated.

MatchResultTest: MatchResult.o
#  Implicit rule search has not been done.
#  Modification time never checked.
#  File has not been updated.
#  commands to execute (from `Makefile', line 81):
	g++ MatchResult.o MatchResultTest.cpp -o MatchResultTest.out
	

# Not a target:
TournamentRound.h:
#  Implicit rule search has not been done.
#  Modification time never checked.
#  File has not been updated.

# Not a target:
CommonSkillCollection.h:
#  Implicit rule search has been done.
#  Last modified 2022-05-17 15:14:34
#  File has been updated.
#  Successfully updated.
# variable set hash-table stats:
# Load=0/32=0%, Rehash=0, Collisions=0/0=0%

# Not a target:
FixturePrinter.h:
#  Implicit rule search has not been done.
#  Modification time never checked.
#  File has not been updated.

# Not a target:
Defender.cpp:
#  Implicit rule search has not been done.
#  Modification time never checked.
#  File has not been updated.

# Not a target:
FootballLeague.h:
#  Implicit rule search has not been done.
#  Modification time never checked.
#  File has not been updated.

# Not a target:
Midfielder.cpp:
#  Implicit rule search has not been done.
#  Modification time never checked.
#  File has not been updated.

# Not a target:
Player.cpp:
#  Implicit rule search has not been done.
#  Modification time never checked.
#  File has not been updated.

# Not a target:
TournamentRound.cpp:
#  Implicit rule search has not been done.
#  Modification time never checked.
#  File has not been updated.

# Not a target:
CommonSkillCollection.cpp:
#  Implicit rule search has been done.
#  Last modified 2022-05-17 15:14:34
#  File has been updated.
#  Successfully updated.
# variable set hash-table stats:
# Load=0/32=0%, Rehash=0, Collisions=0/0=0%

# Not a target:
.DEFAULT:
#  Implicit rule search has not been done.
#  Modification time never checked.
#  File has not been updated.

Striker.o: Striker.h Striker.cpp
#  Implicit rule search has not been done.
#  Modification time never checked.
#  File has not been updated.
#  commands to execute (from `Makefile', line 48):
	g++ -c Striker.cpp -o Striker.o
	

# Not a target:
PlayerPool.h:
#  Implicit rule search has not been done.
#  Modification time never checked.
#  File has not been updated.

# Not a target:
FootballLeague.cpp:
#  Implicit rule search has not been done.
#  Modification time never checked.
#  File has not been updated.

# Not a target:
PlayerPool.cpp:
#  Implicit rule search has not been done.
#  Modification time never checked.
#  File has not been updated.

clean:
#  Implicit rule search has not been done.
#  Modification time never checked.
#  File has not been updated.
#  commands to execute (from `Makefile', line 114):
	rm -f *.out *.o SimGame
	

# Not a target:
TeamPlayerBattle.h:
#  Implicit rule search has not been done.
#  Modification time never checked.
#  File has not been updated.

TeamCreatorTest: Attribute.o CommonSkillCollection.o PhysicalAttributeCollection.o Player.o Striker.o Midfielder.o Defender.o Goalkeeper.o PlayerPool.o Team.o FootballLeague.o TeamPlayerBattle.o MatchResult.o Match.o FixturePrinter.o TournamentRound.o Tournament.o TeamCreator.o
#  Implicit rule search has not been done.
#  Modification time never checked.
#  File has not been updated.
#  commands to execute (from `Makefile', line 108):
	g++ $(OBJ) TeamCreatorTest.cpp -o TeamCreatorTest.out
	

TeamCreator.o: TeamCreator.h TeamCreator.cpp
#  Implicit rule search has not been done.
#  Modification time never checked.
#  File has not been updated.
#  commands to execute (from `Makefile', line 105):
	g++ -c TeamCreator.cpp -o TeamCreator.o
	

# Not a target:
TeamPlayerBattle.cpp:
#  Implicit rule search has not been done.
#  Modification time never checked.
#  File has not been updated.

SimGame: Attribute.o CommonSkillCollection.o
#  Implicit rule search has not been done.
#  Implicit/static pattern stem: `'
#  File does not exist.
#  File has been updated.
#  Needs to be updated (-q is set).
# automatic
# @ := SimGame
# automatic
# % := 
# automatic
# * := 
# automatic
# + := Attribute.o CommonSkillCollection.o
# automatic
# | := 
# automatic
# < := Attribute.o
# automatic
# ^ := Attribute.o CommonSkillCollection.o
# automatic
 
# ? := Attribute.o CommonSkillCollection.o
# variable set hash-table stats:
# Load=8/32=25%, Rehash=0, Collisions=1/10=10%
#  commands to execute (from `Makefile', line 6):
	g++ Attribute.o CommonSkillCollection.o -o SimGame
	

TeamPlayerBattleTest: Attribute.o CommonSkillCollection.o PhysicalAttributeCollection.o Player.o Striker.o Midfielder.o Defender.o Goalkeeper.o PlayerPool.o Team.o FootballLeague.o TeamPlayerBattle.o
#  Implicit rule search has not been done.
#  Modification time never checked.
#  File has not been updated.
#  commands to execute (from `Makefile', line 75):
	g++ Attribute.o CommonSkillCollection.o PhysicalAttributeCollection.o Player.o Striker.o Midfielder.o Defender.o Goalkeeper.o PlayerPool.o Team.o FootballLeague.o TeamPlayerBattle.o TeamPlayerBattleTest.cpp -o TeamPlayerBattleTest.out
	

TournamentRoundTest: Attribute.o CommonSkillCollection.o PhysicalAttributeCollection.o Player.o Striker.o Midfielder.o Defender.o Goalkeeper.o PlayerPool.o Team.o FootballLeague.o TeamPlayerBattle.o MatchResult.o Match.o FixturePrinter.o TournamentRound.o
#  Implicit rule search has not been done.
#  Modification time never checked.
#  File has not been updated.
#  commands to execute (from `Makefile', line 99):
	g++ Attribute.o CommonSkillCollection.o PhysicalAttributeCollection.o Player.o Striker.o Midfielder.o Defender.o Goalkeeper.o PlayerPool.o Team.o FootballLeague.o TeamPlayerBattle.o MatchResult.o Match.o FixturePrinter.o TournamentRound.o TournamentRoundTest.cpp -o TournamentRoundTest.out
	

# Not a target:
Attribute.h:
#  Implicit rule search has been done.
#  Last modified 2022-05-17 15:14:34
#  File has been updated.
#  Successfully updated.
# variable set hash-table stats:
# Load=0/32=0%, Rehash=0, Collisions=0/0=0%

GoalkeeperTest: Attribute.o CommonSkillCollection.o PhysicalAttributeCollection.o Player.o Goalkeeper.o
#  Implicit rule search has not been done.
#  Modification time never checked.
#  File has not been updated.
#  commands to execute (from `Makefile', line 39):
	g++ Attribute.o CommonSkillCollection.o PhysicalAttributeCollection.o Player.o Goalkeeper.o GoalkeeperTest.cpp -o GoalkeeperTest.out
	

Goalkeeper.o: Goalkeeper.h Goalkeeper.cpp
#  Implicit rule search has not been done.
#  Modification time never checked.
#  File has not been updated.
#  commands to execute (from `Makefile', line 36):
	g++ -c Goalkeeper.cpp -o Goalkeeper.o
	

TeamTest: Attribute.o CommonSkillCollection.o PhysicalAttributeCollection.o Player.o Striker.o Midfielder.o Defender.o Goalkeeper.o PlayerPool.o Team.o
#  Implicit rule search has not been done.
#  Modification time never checked.
#  File has not been updated.
#  commands to execute (from `Makefile', line 63):
	g++ Attribute.o CommonSkillCollection.o PhysicalAttributeCollection.o Player.o Striker.o Midfielder.o Defender.o Goalkeeper.o PlayerPool.o Team.o TeamTest.cpp -o TeamTest.out
	

FootballLeagueTest: Attribute.o CommonSkillCollection.o PhysicalAttributeCollection.o Player.o Striker.o Midfielder.o Defender.o Goalkeeper.o PlayerPool.o Team.o FootballLeague.o
#  Implicit rule search has not been done.
#  Modification time never checked.
#  File has not been updated.
#  commands to execute (from `Makefile', line 69):
	g++ Attribute.o CommonSkillCollection.o PhysicalAttributeCollection.o Player.o Striker.o Midfielder.o Defender.o Goalkeeper.o PlayerPool.o Team.o FootballLeague.o FootballLeagueTest.cpp -o FootballLeagueTest.out
	

# Not a target:
Tournament.h:
#  Implicit rule search has not been done.
#  Modification time never checked.
#  File has not been updated.

# Not a target:
Attribute.cpp:
#  Implicit rule search has been done.
#  Last modified 2022-05-17 15:14:34
#  File has been updated.
#  Successfully updated.
# variable set hash-table stats:
# Load=0/32=0%, Rehash=0, Collisions=0/0=0%

# Not a target:
Match.h:
#  Implicit rule search has not been done.
#  Modification time never checked.
#  File has not been updated.

Team.o: Team.h Team.cpp
#  Implicit rule search has not been done.
#  Modification time never checked.
#  File has not been updated.
#  commands to execute (from `Makefile', line 60):
	g++ -c Team.cpp -o Team.o
	

# Not a target:
Tournament.cpp:
#  Implicit rule search has not been done.
#  Modification time never checked.
#  File has not been updated.

CommonSkillCollectionTest: Attribute.o CommonSkillCollection.o
#  Implicit rule search has not been done.
#  Modification time never checked.
#  File has not been updated.
#  commands to execute (from `Makefile', line 18):
	g++ Attribute.o CommonSkillCollection.o CommonSkillCollectionTest.cpp -o CommonSkillCollectionTest.out
	

# Not a target:
MatchResult.h:
#  Implicit rule search has not been done.
#  Modification time never checked.
#  File has not been updated.

DefenderTest: Attribute.o CommonSkillCollection.o PhysicalAttributeCollection.o Player.o Defender.o
#  Implicit rule search has not been done.
#  Modification time never checked.
#  File has not been updated.
#  commands to execute (from `Makefile', line 33):
 
	g++ Attribute.o CommonSkillCollection.o PhysicalAttributeCollection.o Player.o Defender.o DefenderTest.cpp -o DefenderTest.out
	

Defender.o: Defender.h Defender.cpp
#  Implicit rule search has not been done.
#  Modification time never checked.
#  File has not been updated.
#  commands to execute (from `Makefile', line 30):
	g++ -c Defender.cpp -o Defender.o
	

# Not a target:
PhysicalAttributeCollection.h:
#  Implicit rule search has not been done.
#  Modification time never checked.
#  File has not been updated.

MidfielderTest: Attribute.o CommonSkillCollection.o PhysicalAttributeCollection.o Player.o Midfielder.o
#  Implicit rule search has not been done.
#  Modification time never checked.
#  File has not been updated.
#  commands to execute (from `Makefile', line 45):
	g++ Attribute.o CommonSkillCollection.o PhysicalAttributeCollection.o Player.o Midfielder.o MidfielderTest.cpp -o MidfielderTest.out
	

Midfielder.o: Midfielder.h Midfielder.cpp
#  Implicit rule search has not been done.
#  Modification time never checked.
#  File has not been updated.
#  commands to execute (from `Makefile', line 42):
	g++ -c Midfielder.cpp -o Midfielder.o
	

Player.o: Player.h Player.cpp
#  Implicit rule search has not been done.
#  Modification time never checked.
#  File has not been updated.
#  commands to execute (from `Makefile', line 27):
	g++ -c CommonSkillCollection.o PhysicalAttributeCollection.o Player.cpp -o Player.o
	

# Not a target:
Match.cpp:
#  Implicit rule search has not been done.
#  Modification time never checked.
#  File has not been updated.

# files hash-table stats:
# Load=77/1024=8%, Rehash=0, Collisions=5/276=2%
# VPATH Search Paths

# No `vpath' search paths.

# No general (`VPATH' variable) search path.

# # of strings in strcache: 1
# # of strcache buffers: 1
# strcache size: total = 4096 / max = 4096 / min = 4096 / avg = 4096
# strcache free: total = 4087 / max = 4087 / min = 4087 / avg = 4087

# Finished Make data base on Wed May 18 10:32:18 2022

 
